{"meta": {"format": 3, "version": "7.14.1", "timestamp": "2026-06-16T06:16:36.643216", "branch_coverage": true, "show_contexts": false}, "files": {"src\\gateway\\__init__.py": {"executed_lines": [], "summary": {"covered_lines": 0, "num_statements": 0, "percent_covered": 100.0, "percent_covered_display": "100", "missing_lines": 0, "excluded_lines": 0, "percent_statements_covered": 100.0, "percent_statements_covered_display": "100", "num_branches": 0, "num_partial_branches": 0, "covered_branches": 0, "missing_branches": 0, "percent_branches_covered": 100.0, "percent_branches_covered_display": "100"}, "missing_lines": [], "excluded_lines": [], "executed_branches": [], "missing_branches": [], "functions": {"": {"executed_lines": [], "summary": {"covered_lines": 0, "num_statements": 0, "percent_covered": 100.0, "percent_covered_display": "100", "missing_lines": 0, "excluded_lines": 0, "percent_statements_covered": 100.0, "percent_statements_covered_display": "100", "num_branches": 0, "num_partial_branches": 0, "covered_branches": 0, "missing_branches": 0, "percent_branches_covered": 100.0, "percent_branches_covered_display": "100"}, "missing_lines": [], "excluded_lines": [], "start_line": 1, "executed_branches": [], "missing_branches": []}}, "classes": {"": {"executed_lines": [], "summary": {"covered_lines": 0, "num_statements": 0, "percent_covered": 100.0, "percent_covered_display": "100", "missing_lines": 0, "excluded_lines": 0, "percent_statements_covered": 100.0, "percent_statements_covered_display": "100", "num_branches": 0, "num_partial_branches": 0, "covered_branches": 0, "missing_branches": 0, "percent_branches_covered": 100.0, "percent_branches_covered_display": "100"}, "missing_lines": [], "excluded_lines": [], "start_line": 1, "executed_branches": [], "missing_branches": []}}}, "src\\gateway\\config.py": {"executed_lines": [10, 12, 13, 16, 19, 26, 27, 28, 29, 32, 33, 34, 35, 36, 37, 38, 40, 42, 43, 44, 45, 47, 49, 50, 51, 53, 55, 57, 58, 59, 60, 62, 65, 68, 75, 76, 77, 80, 83], "summary": {"covered_lines": 39, "num_statements": 42, "percent_covered": 88.0, "percent_covered_display": "88", "missing_lines": 3, "excluded_lines": 0, "percent_statements_covered": 92.85714285714286, "percent_statements_covered_display": "93", "num_branches": 8, "num_partial_branches": 3, "covered_branches": 5, "missing_branches": 3, "percent_branches_covered": 62.5, "percent_branches_covered_display": "62"}, "missing_lines": [46, 54, 61], "excluded_lines": [], "executed_branches": [[45, 47], [53, 55], [60, 62], [75, 76], [75, 77]], "missing_branches": [[45, 46], [53, 54], [60, 61]], "functions": {"GatewaySettings._validate_max_body_bytes": {"executed_lines": [45, 47], "summary": {"covered_lines": 2, "num_statements": 3, "percent_covered": 60.0, "percent_covered_display": "60", "missing_lines": 1, "excluded_lines": 0, "percent_statements_covered": 66.66666666666667, "percent_statements_covered_display": "67", "num_branches": 2, "num_partial_branches": 1, "covered_branches": 1, "missing_branches": 1, "percent_branches_covered": 50.0, "percent_branches_covered_display": "50"}, "missing_lines": [46], "excluded_lines": [], "start_line": 44, "executed_branches": [[45, 47]], "missing_branches": [[45, 46]]}, "GatewaySettings._validate_max_tokens": {"executed_lines": [53, 55], "summary": {"covered_lines": 2, "num_statements": 3, "percent_covered": 60.0, "percent_covered_display": "60", "missing_lines": 1, "excluded_lines": 0, "percent_statements_covered": 66.66666666666667, "percent_statements_covered_display": "67", "num_branches": 2, "num_partial_branches": 1, "covered_branches": 1, "missing_branches": 1, "percent_branches_covered": 50.0, "percent_branches_covered_display": "50"}, "missing_lines": [54], "excluded_lines": [], "start_line": 51, "executed_branches": [[53, 55]], "missing_branches": [[53, 54]]}, "GatewaySettings._validate_rpm": {"executed_lines": [60, 62], "summary": {"covered_lines": 2, "num_statements": 3, "percent_covered": 60.0, "percent_covered_display": "60", "missing_lines": 1, "excluded_lines": 0, "percent_statements_covered": 66.66666666666667, "percent_statements_covered_display": "67", "num_branches": 2, "num_partial_branches": 1, "covered_branches": 1, "missing_branches": 1, "percent_branches_covered": 50.0, "percent_branches_covered_display": "50"}, "missing_lines": [61], "excluded_lines": [], "start_line": 59, "executed_branches": [[60, 62]], "missing_branches": [[60, 61]]}, "get_settings": {"executed_lines": [75, 76, 77], "summary": {"covered_lines": 3, "num_statements": 3, "percent_covered": 100.0, "percent_covered_display": "100", "missing_lines": 0, "excluded_lines": 0, "percent_statements_covered": 100.0, "percent_statements_covered_display": "100", "num_branches": 2, "num_partial_branches": 0, "covered_branches": 2, "missing_branches": 0, "percent_branches_covered": 100.0, "percent_branches_covered_display": "100"}, "missing_lines": [], "excluded_lines": [], "start_line": 68, "executed_branches": [[75, 76], [75, 77]], "missing_branches": []}, "_reset_settings": {"executed_lines": [83], "summary": {"covered_lines": 1, "num_statements": 1, "percent_covered": 100.0, "percent_covered_display": "100", "missing_lines": 0, "excluded_lines": 0, "percent_statements_covered": 100.0, "percent_statements_covered_display": "100", "num_branches": 0, "num_partial_branches": 0, "covered_branches": 0, "missing_branches": 0, "percent_branches_covered": 100.0, "percent_branches_covered_display": "100"}, "missing_lines": [], "excluded_lines": [], "start_line": 80, "executed_branches": [], "missing_branches": []}, "": {"executed_lines": [10, 12, 13, 16, 19, 26, 27, 28, 29, 32, 33, 34, 35, 36, 37, 38, 40, 42, 43, 44, 49, 50, 51, 57, 58, 59, 65, 68, 80], "summary": {"covered_lines": 29, "num_statements": 29, "percent_covered": 100.0, "percent_covered_display": "100", "missing_lines": 0, "excluded_lines": 0, "percent_statements_covered": 100.0, "percent_statements_covered_display": "100", "num_branches": 0, "num_partial_branches": 0, "covered_branches": 0, "missing_branches": 0, "percent_branches_covered": 100.0, "percent_branches_covered_display": "100"}, "missing_lines": [], "excluded_lines": [], "start_line": 1, "executed_branches": [], "missing_branches": []}}, "classes": {"GatewaySettings": {"executed_lines": [45, 47, 53, 55, 60, 62], "summary": {"covered_lines": 6, "num_statements": 9, "percent_covered": 60.0, "percent_covered_display": "60", "missing_lines": 3, "excluded_lines": 0, "percent_statements_covered": 66.66666666666667, "percent_statements_covered_display": "67", "num_branches": 6, "num_partial_branches": 3, "covered_branches": 3, "missing_branches": 3, "percent_branches_covered": 50.0, "percent_branches_covered_display": "50"}, "missing_lines": [46, 54, 61], "excluded_lines": [], "start_line": 16, "executed_branches": [[45, 47], [53, 55], [60, 62]], "missing_branches": [[45, 46], [53, 54], [60, 61]]}, "": {"executed_lines": [10, 12, 13, 16, 19, 26, 27, 28, 29, 32, 33, 34, 35, 36, 37, 38, 40, 42, 43, 44, 49, 50, 51, 57, 58, 59, 65, 68, 75, 76, 77, 80, 83], "summary": {"covered_lines": 33, "num_statements": 33, "percent_covered": 100.0, "percent_covered_display": "100", "missing_lines": 0, "excluded_lines": 0, "percent_statements_covered": 100.0, "percent_statements_covered_display": "100", "num_branches": 2, "num_partial_branches": 0, "covered_branches": 2, "missing_branches": 0, "percent_branches_covered": 100.0, "percent_branches_covered_display": "100"}, "missing_lines": [], "excluded_lines": [], "start_line": 1, "executed_branches": [[75, 76], [75, 77]], "missing_branches": []}}}, "src\\gateway\\context.py": {"executed_lines": [11, 13, 16, 17, 28, 29, 30, 31, 32], "summary": {"covered_lines": 9, "num_statements": 9, "percent_covered": 100.0, "percent_covered_display": "100", "missing_lines": 0, "excluded_lines": 0, "percent_statements_covered": 100.0, "percent_statements_covered_display": "100", "num_branches": 0, "num_partial_branches": 0, "covered_branches": 0, "missing_branches": 0, "percent_branches_covered": 100.0, "percent_branches_covered_display": "100"}, "missing_lines": [], "excluded_lines": [], "executed_branches": [], "missing_branches": [], "functions": {"": {"executed_lines": [11, 13, 16, 17, 28, 29, 30, 31, 32], "summary": {"covered_lines": 9, "num_statements": 9, "percent_covered": 100.0, "percent_covered_display": "100", "missing_lines": 0, "excluded_lines": 0, "percent_statements_covered": 100.0, "percent_statements_covered_display": "100", "num_branches": 0, "num_partial_branches": 0, "covered_branches": 0, "missing_branches": 0, "percent_branches_covered": 100.0, "percent_branches_covered_display": "100"}, "missing_lines": [], "excluded_lines": [], "start_line": 1, "executed_branches": [], "missing_branches": []}}, "classes": {"TenantContext": {"executed_lines": [], "summary": {"covered_lines": 0, "num_statements": 0, "percent_covered": 100.0, "percent_covered_display": "100", "missing_lines": 0, "excluded_lines": 0, "percent_statements_covered": 100.0, "percent_statements_covered_display": "100", "num_branches": 0, "num_partial_branches": 0, "covered_branches": 0, "missing_branches": 0, "percent_branches_covered": 100.0, "percent_branches_covered_display": "100"}, "missing_lines": [], "excluded_lines": [], "start_line": 17, "executed_branches": [], "missing_branches": []}, "": {"executed_lines": [11, 13, 16, 17, 28, 29, 30, 31, 32], "summary": {"covered_lines": 9, "num_statements": 9, "percent_covered": 100.0, "percent_covered_display": "100", "missing_lines": 0, "excluded_lines": 0, "percent_statements_covered": 100.0, "percent_statements_covered_display": "100", "num_branches": 0, "num_partial_branches": 0, "covered_branches": 0, "missing_branches": 0, "percent_branches_covered": 100.0, "percent_branches_covered_display": "100"}, "missing_lines": [], "excluded_lines": [], "start_line": 1, "executed_branches": [], "missing_branches": []}}}, "src\\gateway\\dependencies.py": {"executed_lines": [], "summary": {"covered_lines": 0, "num_statements": 14, "percent_covered": 0.0, "percent_covered_display": "0", "missing_lines": 14, "excluded_lines": 0, "percent_statements_covered": 0.0, "percent_statements_covered_display": "0", "num_branches": 2, "num_partial_branches": 0, "covered_branches": 0, "missing_branches": 2, "percent_branches_covered": 0.0, "percent_branches_covered_display": "0"}, "missing_lines": [8, 10, 12, 14, 15, 18, 19, 22, 25, 33, 34, 35, 38, 41], "excluded_lines": [], "executed_branches": [], "missing_branches": [[34, 35], [34, 38]], "functions": {"_get_gateway_settings": {"executed_lines": [], "summary": {"covered_lines": 0, "num_statements": 1, "percent_covered": 0.0, "percent_covered_display": "0", "missing_lines": 1, "excluded_lines": 0, "percent_statements_covered": 0.0, "percent_statements_covered_display": "0", "num_branches": 0, "num_partial_branches": 0, "covered_branches": 0, "missing_branches": 0, "percent_branches_covered": 100.0, "percent_branches_covered_display": "100"}, "missing_lines": [19], "excluded_lines": [], "start_line": 18, "executed_branches": [], "missing_branches": []}, "_get_tenant_context": {"executed_lines": [], "summary": {"covered_lines": 0, "num_statements": 4, "percent_covered": 0.0, "percent_covered_display": "0", "missing_lines": 4, "excluded_lines": 0, "percent_statements_covered": 0.0, "percent_statements_covered_display": "0", "num_branches": 2, "num_partial_branches": 0, "covered_branches": 0, "missing_branches": 2, "percent_branches_covered": 0.0, "percent_branches_covered_display": "0"}, "missing_lines": [33, 34, 35, 38], "excluded_lines": [], "start_line": 25, "executed_branches": [], "missing_branches": [[34, 35], [34, 38]]}, "": {"executed_lines": [], "summary": {"covered_lines": 0, "num_statements": 9, "percent_covered": 0.0, "percent_covered_display": "0", "missing_lines": 9, "excluded_lines": 0, "percent_statements_covered": 0.0, "percent_statements_covered_display": "0", "num_branches": 0, "num_partial_branches": 0, "covered_branches": 0, "missing_branches": 0, "percent_branches_covered": 100.0, "percent_branches_covered_display": "100"}, "missing_lines": [8, 10, 12, 14, 15, 18, 22, 25, 41], "excluded_lines": [], "start_line": 1, "executed_branches": [], "missing_branches": []}}, "classes": {"": {"executed_lines": [], "summary": {"covered_lines": 0, "num_statements": 14, "percent_covered": 0.0, "percent_covered_display": "0", "missing_lines": 14, "excluded_lines": 0, "percent_statements_covered": 0.0, "percent_statements_covered_display": "0", "num_branches": 2, "num_partial_branches": 0, "covered_branches": 0, "missing_branches": 2, "percent_branches_covered": 0.0, "percent_branches_covered_display": "0"}, "missing_lines": [8, 10, 12, 14, 15, 18, 19, 22, 25, 33, 34, 35, 38, 41], "excluded_lines": [], "start_line": 1, "executed_branches": [], "missing_branches": [[34, 35], [34, 38]]}}}, "src\\gateway\\exceptions.py": {"executed_lines": [9, 11, 20, 58, 66, 67, 71, 72, 73, 74, 75, 76], "summary": {"covered_lines": 12, "num_statements": 13, "percent_covered": 86.66666666666667, "percent_covered_display": "87", "missing_lines": 1, "excluded_lines": 0, "percent_statements_covered": 92.3076923076923, "percent_statements_covered_display": "92", "num_branches": 2, "num_partial_branches": 1, "covered_branches": 1, "missing_branches": 1, "percent_branches_covered": 50.0, "percent_branches_covered_display": "50"}, "missing_lines": [70], "excluded_lines": [], "executed_branches": [[67, 71]], "missing_branches": [[67, 70]], "functions": {"GatewayError.__init__": {"executed_lines": [67, 71, 72, 73, 74, 75, 76], "summary": {"covered_lines": 7, "num_statements": 8, "percent_covered": 80.0, "percent_covered_display": "80", "missing_lines": 1, "excluded_lines": 0, "percent_statements_covered": 87.5, "percent_statements_covered_display": "88", "num_branches": 2, "num_partial_branches": 1, "covered_branches": 1, "missing_branches": 1, "percent_branches_covered": 50.0, "percent_branches_covered_display": "50"}, "missing_lines": [70], "excluded_lines": [], "start_line": 66, "executed_branches": [[67, 71]], "missing_branches": [[67, 70]]}, "": {"executed_lines": [9, 11, 20, 58, 66], "summary": {"covered_lines": 5, "num_statements": 5, "percent_covered": 100.0, "percent_covered_display": "100", "missing_lines": 0, "excluded_lines": 0, "percent_statements_covered": 100.0, "percent_statements_covered_display": "100", "num_branches": 0, "num_partial_branches": 0, "covered_branches": 0, "missing_branches": 0, "percent_branches_covered": 100.0, "percent_branches_covered_display": "100"}, "missing_lines": [], "excluded_lines": [], "start_line": 1, "executed_branches": [], "missing_branches": []}}, "classes": {"GatewayError": {"executed_lines": [67, 71, 72, 73, 74, 75, 76], "summary": {"covered_lines": 7, "num_statements": 8, "percent_covered": 80.0, "percent_covered_display": "80", "missing_lines": 1, "excluded_lines": 0, "percent_statements_covered": 87.5, "percent_statements_covered_display": "88", "num_branches": 2, "num_partial_branches": 1, "covered_branches": 1, "missing_branches": 1, "percent_branches_covered": 50.0, "percent_branches_covered_display": "50"}, "missing_lines": [70], "excluded_lines": [], "start_line": 58, "executed_branches": [[67, 71]], "missing_branches": [[67, 70]]}, "": {"executed_lines": [9, 11, 20, 58, 66], "summary": {"covered_lines": 5, "num_statements": 5, "percent_covered": 100.0, "percent_covered_display": "100", "missing_lines": 0, "excluded_lines": 0, "percent_statements_covered": 100.0, "percent_statements_covered_display": "100", "num_branches": 0, "num_partial_branches": 0, "covered_branches": 0, "missing_branches": 0, "percent_branches_covered": 100.0, "percent_branches_covered_display": "100"}, "missing_lines": [], "excluded_lines": [], "start_line": 1, "executed_branches": [], "missing_branches": []}}}, "src\\gateway\\main.py": {"executed_lines": [23, 25, 26, 28, 29, 30, 31, 33, 34, 35, 36, 37, 38, 39, 40, 41, 42, 44, 47, 48, 64, 71, 73, 95, 96, 117, 118, 141, 142, 163, 165, 167, 170, 171, 173], "summary": {"covered_lines": 35, "num_statements": 55, "percent_covered": 61.40350877192982, "percent_covered_display": "61", "missing_lines": 20, "excluded_lines": 0, "percent_statements_covered": 63.63636363636363, "percent_statements_covered_display": "64", "num_branches": 2, "num_partial_branches": 0, "covered_branches": 0, "missing_branches": 2, "percent_branches_covered": 0.0, "percent_branches_covered_display": "0"}, "missing_lines": [50, 51, 52, 57, 58, 60, 61, 98, 99, 100, 105, 106, 107, 108, 115, 120, 121, 127, 128, 133], "excluded_lines": [], "executed_branches": [], "missing_branches": [[106, 107], [106, 108]], "functions": {"_lifespan": {"executed_lines": [], "summary": {"covered_lines": 0, "num_statements": 7, "percent_covered": 0.0, "percent_covered_display": "0", "missing_lines": 7, "excluded_lines": 0, "percent_statements_covered": 0.0, "percent_statements_covered_display": "0", "num_branches": 0, "num_partial_branches": 0, "covered_branches": 0, "missing_branches": 0, "percent_branches_covered": 100.0, "percent_branches_covered_display": "100"}, "missing_lines": [50, 51, 52, 57, 58, 60, 61], "excluded_lines": [], "start_line": 48, "executed_branches": [], "missing_branches": []}, "create_app": {"executed_lines": [71, 73, 95, 96, 117, 118, 141, 142, 163, 165, 167, 170, 171, 173], "summary": {"covered_lines": 14, "num_statements": 14, "percent_covered": 100.0, "percent_covered_display": "100", "missing_lines": 0, "excluded_lines": 0, "percent_statements_covered": 100.0, "percent_statements_covered_display": "100", "num_branches": 0, "num_partial_branches": 0, "covered_branches": 0, "missing_branches": 0, "percent_branches_covered": 100.0, "percent_branches_covered_display": "100"}, "missing_lines": [], "excluded_lines": [], "start_line": 64, "executed_branches": [], "missing_branches": []}, "create_app.gateway_error_handler": {"executed_lines": [], "summary": {"covered_lines": 0, "num_statements": 8, "percent_covered": 0.0, "percent_covered_display": "0", "missing_lines": 8, "excluded_lines": 0, "percent_statements_covered": 0.0, "percent_statements_covered_display": "0", "num_branches": 2, "num_partial_branches": 0, "covered_branches": 0, "missing_branches": 2, "percent_branches_covered": 0.0, "percent_branches_covered_display": "0"}, "missing_lines": [98, 99, 100, 105, 106, 107, 108, 115], "excluded_lines": [], "start_line": 96, "executed_branches": [], "missing_branches": [[106, 107], [106, 108]]}, "create_app.generic_error_handler": {"executed_lines": [], "summary": {"covered_lines": 0, "num_statements": 5, "percent_covered": 0.0, "percent_covered_display": "0", "missing_lines": 5, "excluded_lines": 0, "percent_statements_covered": 0.0, "percent_statements_covered_display": "0", "num_branches": 0, "num_partial_branches": 0, "covered_branches": 0, "missing_branches": 0, "percent_branches_covered": 100.0, "percent_branches_covered_display": "100"}, "missing_lines": [120, 121, 127, 128, 133], "excluded_lines": [], "start_line": 118, "executed_branches": [], "missing_branches": []}, "": {"executed_lines": [23, 25, 26, 28, 29, 30, 31, 33, 34, 35, 36, 37, 38, 39, 40, 41, 42, 44, 47, 48, 64], "summary": {"covered_lines": 21, "num_statements": 21, "percent_covered": 100.0, "percent_covered_display": "100", "missing_lines": 0, "excluded_lines": 0, "percent_statements_covered": 100.0, "percent_statements_covered_display": "100", "num_branches": 0, "num_partial_branches": 0, "covered_branches": 0, "missing_branches": 0, "percent_branches_covered": 100.0, "percent_branches_covered_display": "100"}, "missing_lines": [], "excluded_lines": [], "start_line": 1, "executed_branches": [], "missing_branches": []}}, "classes": {"": {"executed_lines": [23, 25, 26, 28, 29, 30, 31, 33, 34, 35, 36, 37, 38, 39, 40, 41, 42, 44, 47, 48, 64, 71, 73, 95, 96, 117, 118, 141, 142, 163, 165, 167, 170, 171, 173], "summary": {"covered_lines": 35, "num_statements": 55, "percent_covered": 61.40350877192982, "percent_covered_display": "61", "missing_lines": 20, "excluded_lines": 0, "percent_statements_covered": 63.63636363636363, "percent_statements_covered_display": "64", "num_branches": 2, "num_partial_branches": 0, "covered_branches": 0, "missing_branches": 2, "percent_branches_covered": 0.0, "percent_branches_covered_display": "0"}, "missing_lines": [50, 51, 52, 57, 58, 60, 61, 98, 99, 100, 105, 106, 107, 108, 115, 120, 121, 127, 128, 133], "excluded_lines": [], "start_line": 1, "executed_branches": [], "missing_branches": [[106, 107], [106, 108]]}}}, "src\\gateway\\middleware\\__init__.py": {"executed_lines": [], "summary": {"covered_lines": 0, "num_statements": 0, "percent_covered": 100.0, "percent_covered_display": "100", "missing_lines": 0, "excluded_lines": 0, "percent_statements_covered": 100.0, "percent_statements_covered_display": "100", "num_branches": 0, "num_partial_branches": 0, "covered_branches": 0, "missing_branches": 0, "percent_branches_covered": 100.0, "percent_branches_covered_display": "100"}, "missing_lines": [], "excluded_lines": [], "executed_branches": [], "missing_branches": [], "functions": {"": {"executed_lines": [], "summary": {"covered_lines": 0, "num_statements": 0, "percent_covered": 100.0, "percent_covered_display": "100", "missing_lines": 0, "excluded_lines": 0, "percent_statements_covered": 100.0, "percent_statements_covered_display": "100", "num_branches": 0, "num_partial_branches": 0, "covered_branches": 0, "missing_branches": 0, "percent_branches_covered": 100.0, "percent_branches_covered_display": "100"}, "missing_lines": [], "excluded_lines": [], "start_line": 1, "executed_branches": [], "missing_branches": []}}, "classes": {"": {"executed_lines": [], "summary": {"covered_lines": 0, "num_statements": 0, "percent_covered": 100.0, "percent_covered_display": "100", "missing_lines": 0, "excluded_lines": 0, "percent_statements_covered": 100.0, "percent_statements_covered_display": "100", "num_branches": 0, "num_partial_branches": 0, "covered_branches": 0, "missing_branches": 0, "percent_branches_covered": 100.0, "percent_branches_covered_display": "100"}, "missing_lines": [], "excluded_lines": [], "start_line": 1, "executed_branches": [], "missing_branches": []}}}, "src\\gateway\\middleware\\audit.py": {"executed_lines": [23, 25, 26, 27, 28, 30, 32, 33, 34, 35, 37, 40, 41, 42, 47, 48, 51, 52, 55, 56, 59, 61, 62, 65, 83, 84, 86, 87, 88, 89, 90, 94, 95, 96, 97, 100, 101, 102, 103, 105, 122, 140, 149, 150, 151, 152, 153, 154, 160, 161, 166], "summary": {"covered_lines": 51, "num_statements": 51, "percent_covered": 100.0, "percent_covered_display": "100", "missing_lines": 0, "excluded_lines": 0, "percent_statements_covered": 100.0, "percent_statements_covered_display": "100", "num_branches": 2, "num_partial_branches": 0, "covered_branches": 2, "missing_branches": 0, "percent_branches_covered": 100.0, "percent_branches_covered_display": "100"}, "missing_lines": [], "excluded_lines": [], "executed_branches": [[86, 87], [86, 94]], "missing_branches": [], "functions": {"_clamp": {"executed_lines": [52], "summary": {"covered_lines": 1, "num_statements": 1, "percent_covered": 100.0, "percent_covered_display": "100", "missing_lines": 0, "excluded_lines": 0, "percent_statements_covered": 100.0, "percent_statements_covered_display": "100", "num_branches": 0, "num_partial_branches": 0, "covered_branches": 0, "missing_branches": 0, "percent_branches_covered": 100.0, "percent_branches_covered_display": "100"}, "missing_lines": [], "excluded_lines": [], "start_line": 51, "executed_branches": [], "missing_branches": []}, "_clamp_float": {"executed_lines": [56], "summary": {"covered_lines": 1, "num_statements": 1, "percent_covered": 100.0, "percent_covered_display": "100", "missing_lines": 0, "excluded_lines": 0, "percent_statements_covered": 100.0, "percent_statements_covered_display": "100", "num_branches": 0, "num_partial_branches": 0, "covered_branches": 0, "missing_branches": 0, "percent_branches_covered": 100.0, "percent_branches_covered_display": "100"}, "missing_lines": [], "excluded_lines": [], "start_line": 55, "executed_branches": [], "missing_branches": []}, "_estimate_cost": {"executed_lines": [61, 62], "summary": {"covered_lines": 2, "num_statements": 2, "percent_covered": 100.0, "percent_covered_display": "100", "missing_lines": 0, "excluded_lines": 0, "percent_statements_covered": 100.0, "percent_statements_covered_display": "100", "num_branches": 0, "num_partial_branches": 0, "covered_branches": 0, "missing_branches": 0, "percent_branches_covered": 100.0, "percent_branches_covered_display": "100"}, "missing_lines": [], "excluded_lines": [], "start_line": 59, "executed_branches": [], "missing_branches": []}, "build_usage_event": {"executed_lines": [83, 84, 86, 87, 88, 89, 90, 94, 95, 96, 97, 100, 101, 102, 103, 105], "summary": {"covered_lines": 16, "num_statements": 16, "percent_covered": 100.0, "percent_covered_display": "100", "missing_lines": 0, "excluded_lines": 0, "percent_statements_covered": 100.0, "percent_statements_covered_display": "100", "num_branches": 2, "num_partial_branches": 0, "covered_branches": 2, "missing_branches": 0, "percent_branches_covered": 100.0, "percent_branches_covered_display": "100"}, "missing_lines": [], "excluded_lines": [], "start_line": 65, "executed_branches": [[86, 87], [86, 94]], "missing_branches": []}, "emit_terminal_record": {"executed_lines": [140, 149, 150, 151, 152, 153, 154, 160, 161, 166], "summary": {"covered_lines": 10, "num_statements": 10, "percent_covered": 100.0, "percent_covered_display": "100", "missing_lines": 0, "excluded_lines": 0, "percent_statements_covered": 100.0, "percent_statements_covered_display": "100", "num_branches": 0, "num_partial_branches": 0, "covered_branches": 0, "missing_branches": 0, "percent_branches_covered": 100.0, "percent_branches_covered_display": "100"}, "missing_lines": [], "excluded_lines": [], "start_line": 122, "executed_branches": [], "missing_branches": []}, "": {"executed_lines": [23, 25, 26, 27, 28, 30, 32, 33, 34, 35, 37, 40, 41, 42, 47, 48, 51, 55, 59, 65, 122], "summary": {"covered_lines": 21, "num_statements": 21, "percent_covered": 100.0, "percent_covered_display": "100", "missing_lines": 0, "excluded_lines": 0, "percent_statements_covered": 100.0, "percent_statements_covered_display": "100", "num_branches": 0, "num_partial_branches": 0, "covered_branches": 0, "missing_branches": 0, "percent_branches_covered": 100.0, "percent_branches_covered_display": "100"}, "missing_lines": [], "excluded_lines": [], "start_line": 1, "executed_branches": [], "missing_branches": []}}, "classes": {"": {"executed_lines": [23, 25, 26, 27, 28, 30, 32, 33, 34, 35, 37, 40, 41, 42, 47, 48, 51, 52, 55, 56, 59, 61, 62, 65, 83, 84, 86, 87, 88, 89, 90, 94, 95, 96, 97, 100, 101, 102, 103, 105, 122, 140, 149, 150, 151, 152, 153, 154, 160, 161, 166], "summary": {"covered_lines": 51, "num_statements": 51, "percent_covered": 100.0, "percent_covered_display": "100", "missing_lines": 0, "excluded_lines": 0, "percent_statements_covered": 100.0, "percent_statements_covered_display": "100", "num_branches": 2, "num_partial_branches": 0, "covered_branches": 2, "missing_branches": 0, "percent_branches_covered": 100.0, "percent_branches_covered_display": "100"}, "missing_lines": [], "excluded_lines": [], "start_line": 1, "executed_branches": [[86, 87], [86, 94]], "missing_branches": []}}}, "src\\gateway\\middleware\\auth.py": {"executed_lines": [39, 41, 43, 44, 45, 46, 47, 49, 50, 51, 56, 59, 62, 63, 64, 65, 67, 74, 84, 85, 86, 88, 90, 91, 92, 93, 95, 96, 97, 98, 100, 105, 106, 107, 108, 109, 111, 112, 113, 114, 115, 119, 120, 121], "summary": {"covered_lines": 44, "num_statements": 45, "percent_covered": 96.22641509433963, "percent_covered_display": "96", "missing_lines": 1, "excluded_lines": 0, "percent_statements_covered": 97.77777777777777, "percent_statements_covered_display": "98", "num_branches": 8, "num_partial_branches": 1, "covered_branches": 7, "missing_branches": 1, "percent_branches_covered": 87.5, "percent_branches_covered_display": "88"}, "missing_lines": [66], "excluded_lines": [], "executed_branches": [[65, 67], [85, 86], [85, 88], [91, 92], [91, 95], [96, 97], [96, 100]], "missing_branches": [[65, 66]], "functions": {"_error_json": {"executed_lines": [63, 64, 65, 67], "summary": {"covered_lines": 4, "num_statements": 5, "percent_covered": 71.42857142857143, "percent_covered_display": "71", "missing_lines": 1, "excluded_lines": 0, "percent_statements_covered": 80.0, "percent_statements_covered_display": "80", "num_branches": 2, "num_partial_branches": 1, "covered_branches": 1, "missing_branches": 1, "percent_branches_covered": 50.0, "percent_branches_covered_display": "50"}, "missing_lines": [66], "excluded_lines": [], "start_line": 62, "executed_branches": [[65, 67]], "missing_branches": [[65, 66]]}, "AuthMiddleware.dispatch": {"executed_lines": [85, 86, 88, 90, 91, 92, 93, 95, 96, 97, 98, 100, 105, 106, 107, 108, 109, 111, 112, 113, 114, 115, 119, 120, 121], "summary": {"covered_lines": 25, "num_statements": 25, "percent_covered": 100.0, "percent_covered_display": "100", "missing_lines": 0, "excluded_lines": 0, "percent_statements_covered": 100.0, "percent_statements_covered_display": "100", "num_branches": 6, "num_partial_branches": 0, "covered_branches": 6, "missing_branches": 0, "percent_branches_covered": 100.0, "percent_branches_covered_display": "100"}, "missing_lines": [], "excluded_lines": [], "start_line": 84, "executed_branches": [[85, 86], [85, 88], [91, 92], [91, 95], [96, 97], [96, 100]], "missing_branches": []}, "": {"executed_lines": [39, 41, 43, 44, 45, 46, 47, 49, 50, 51, 56, 59, 62, 74, 84], "summary": {"covered_lines": 15, "num_statements": 15, "percent_covered": 100.0, "percent_covered_display": "100", "missing_lines": 0, "excluded_lines": 0, "percent_statements_covered": 100.0, "percent_statements_covered_display": "100", "num_branches": 0, "num_partial_branches": 0, "covered_branches": 0, "missing_branches": 0, "percent_branches_covered": 100.0, "percent_branches_covered_display": "100"}, "missing_lines": [], "excluded_lines": [], "start_line": 1, "executed_branches": [], "missing_branches": []}}, "classes": {"AuthMiddleware": {"executed_lines": [85, 86, 88, 90, 91, 92, 93, 95, 96, 97, 98, 100, 105, 106, 107, 108, 109, 111, 112, 113, 114, 115, 119, 120, 121], "summary": {"covered_lines": 25, "num_statements": 25, "percent_covered": 100.0, "percent_covered_display": "100", "missing_lines": 0, "excluded_lines": 0, "percent_statements_covered": 100.0, "percent_statements_covered_display": "100", "num_branches": 6, "num_partial_branches": 0, "covered_branches": 6, "missing_branches": 0, "percent_branches_covered": 100.0, "percent_branches_covered_display": "100"}, "missing_lines": [], "excluded_lines": [], "start_line": 74, "executed_branches": [[85, 86], [85, 88], [91, 92], [91, 95], [96, 97], [96, 100]], "missing_branches": []}, "": {"executed_lines": [39, 41, 43, 44, 45, 46, 47, 49, 50, 51, 56, 59, 62, 63, 64, 65, 67, 74, 84], "summary": {"covered_lines": 19, "num_statements": 20, "percent_covered": 90.9090909090909, "percent_covered_display": "91", "missing_lines": 1, "excluded_lines": 0, "percent_statements_covered": 95.0, "percent_statements_covered_display": "95", "num_branches": 2, "num_partial_branches": 1, "covered_branches": 1, "missing_branches": 1, "percent_branches_covered": 50.0, "percent_branches_covered_display": "50"}, "missing_lines": [66], "excluded_lines": [], "start_line": 1, "executed_branches": [[65, 67]], "missing_branches": [[65, 66]]}}}, "src\\gateway\\middleware\\rate_limit.py": {"executed_lines": [26, 28, 29, 30, 31, 32, 34, 36, 37, 39, 47, 48, 51, 55, 58, 60, 61, 65, 78, 79, 80, 81, 82, 84, 85, 87, 89, 90, 93, 94, 96, 97, 101, 102, 103, 105, 106, 107, 108, 110, 112, 113, 114, 115, 116, 123, 126, 127, 128, 129, 135, 138, 139, 141, 142, 143, 146, 147, 154, 155, 156, 157, 159, 160, 161, 164, 166, 167, 168], "summary": {"covered_lines": 69, "num_statements": 70, "percent_covered": 96.15384615384616, "percent_covered_display": "96", "missing_lines": 1, "excluded_lines": 0, "percent_statements_covered": 98.57142857142857, "percent_statements_covered_display": "99", "num_branches": 8, "num_partial_branches": 2, "covered_branches": 6, "missing_branches": 2, "percent_branches_covered": 75.0, "percent_branches_covered_display": "75"}, "missing_lines": [62], "excluded_lines": [], "executed_branches": [[61, -58], [110, 112], [110, 126], [126, 127], [126, 138], [128, 129]], "missing_branches": [[61, 62], [128, 138]], "functions": {"_evict_old_entries": {"executed_lines": [60, 61], "summary": {"covered_lines": 2, "num_statements": 3, "percent_covered": 60.0, "percent_covered_display": "60", "missing_lines": 1, "excluded_lines": 0, "percent_statements_covered": 66.66666666666667, "percent_statements_covered_display": "67", "num_branches": 2, "num_partial_branches": 1, "covered_branches": 1, "missing_branches": 1, "percent_branches_covered": 50.0, "percent_branches_covered_display": "50"}, "missing_lines": [62], "excluded_lines": [], "start_line": 58, "executed_branches": [[61, -58]], "missing_branches": [[61, 62]]}, "check_rate_limit": {"executed_lines": [78, 79, 80, 81, 82, 84, 85, 87, 89, 90, 93, 94, 96, 97, 101, 102, 103, 105, 106, 107, 108, 110, 112, 113, 114, 115, 116, 123, 126, 127, 128, 129, 135, 138, 139, 141, 142, 143], "summary": {"covered_lines": 38, "num_statements": 38, "percent_covered": 97.72727272727273, "percent_covered_display": "98", "missing_lines": 0, "excluded_lines": 0, "percent_statements_covered": 100.0, "percent_statements_covered_display": "100", "num_branches": 6, "num_partial_branches": 1, "covered_branches": 5, "missing_branches": 1, "percent_branches_covered": 83.33333333333333, "percent_branches_covered_display": "83"}, "missing_lines": [], "excluded_lines": [], "start_line": 65, "executed_branches": [[110, 112], [110, 126], [126, 127], [126, 138], [128, 129]], "missing_branches": [[128, 138]]}, "stream_slot": {"executed_lines": [154, 155, 156, 157, 159, 160, 161], "summary": {"covered_lines": 7, "num_statements": 7, "percent_covered": 100.0, "percent_covered_display": "100", "missing_lines": 0, "excluded_lines": 0, "percent_statements_covered": 100.0, "percent_statements_covered_display": "100", "num_branches": 0, "num_partial_branches": 0, "covered_branches": 0, "missing_branches": 0, "percent_branches_covered": 100.0, "percent_branches_covered_display": "100"}, "missing_lines": [], "excluded_lines": [], "start_line": 147, "executed_branches": [], "missing_branches": []}, "reset_state_for_testing": {"executed_lines": [166, 167, 168], "summary": {"covered_lines": 3, "num_statements": 3, "percent_covered": 100.0, "percent_covered_display": "100", "missing_lines": 0, "excluded_lines": 0, "percent_statements_covered": 100.0, "percent_statements_covered_display": "100", "num_branches": 0, "num_partial_branches": 0, "covered_branches": 0, "missing_branches": 0, "percent_branches_covered": 100.0, "percent_branches_covered_display": "100"}, "missing_lines": [], "excluded_lines": [], "start_line": 164, "executed_branches": [], "missing_branches": []}, "": {"executed_lines": [26, 28, 29, 30, 31, 32, 34, 36, 37, 39, 47, 48, 51, 55, 58, 65, 146, 147, 164], "summary": {"covered_lines": 19, "num_statements": 19, "percent_covered": 100.0, "percent_covered_display": "100", "missing_lines": 0, "excluded_lines": 0, "percent_statements_covered": 100.0, "percent_statements_covered_display": "100", "num_branches": 0, "num_partial_branches": 0, "covered_branches": 0, "missing_branches": 0, "percent_branches_covered": 100.0, "percent_branches_covered_display": "100"}, "missing_lines": [], "excluded_lines": [], "start_line": 1, "executed_branches": [], "missing_branches": []}}, "classes": {"": {"executed_lines": [26, 28, 29, 30, 31, 32, 34, 36, 37, 39, 47, 48, 51, 55, 58, 60, 61, 65, 78, 79, 80, 81, 82, 84, 85, 87, 89, 90, 93, 94, 96, 97, 101, 102, 103, 105, 106, 107, 108, 110, 112, 113, 114, 115, 116, 123, 126, 127, 128, 129, 135, 138, 139, 141, 142, 143, 146, 147, 154, 155, 156, 157, 159, 160, 161, 164, 166, 167, 168], "summary": {"covered_lines": 69, "num_statements": 70, "percent_covered": 96.15384615384616, "percent_covered_display": "96", "missing_lines": 1, "excluded_lines": 0, "percent_statements_covered": 98.57142857142857, "percent_statements_covered_display": "99", "num_branches": 8, "num_partial_branches": 2, "covered_branches": 6, "missing_branches": 2, "percent_branches_covered": 75.0, "percent_branches_covered_display": "75"}, "missing_lines": [62], "excluded_lines": [], "start_line": 1, "executed_branches": [[61, -58], [110, 112], [110, 126], [126, 127], [126, 138], [128, 129]], "missing_branches": [[61, 62], [128, 138]]}}}, "src\\gateway\\middleware\\request_validation.py": {"executed_lines": [20, 22, 24, 25, 26, 27, 28, 30, 31, 33, 36, 39, 40, 41, 48, 59, 60, 61, 62, 65, 66, 67, 68, 74, 77, 78, 79, 80, 81, 84, 85, 90, 93, 94, 95, 96, 97, 100, 102, 103, 105, 107], "summary": {"covered_lines": 42, "num_statements": 46, "percent_covered": 89.65517241379311, "percent_covered_display": "90", "missing_lines": 4, "excluded_lines": 0, "percent_statements_covered": 91.30434782608695, "percent_statements_covered_display": "91", "num_branches": 12, "num_partial_branches": 2, "covered_branches": 10, "missing_branches": 2, "percent_branches_covered": 83.33333333333333, "percent_branches_covered_display": "83"}, "missing_lines": [82, 83, 98, 99], "excluded_lines": [], "executed_branches": [[67, 68], [67, 77], [77, 78], [77, 105], [79, 80], [84, 85], [84, 93], [95, 96], [95, 102], [97, 100]], "missing_branches": [[79, 93], [97, 98]], "functions": {"_error_json": {"executed_lines": [40, 41], "summary": {"covered_lines": 2, "num_statements": 2, "percent_covered": 100.0, "percent_covered_display": "100", "missing_lines": 0, "excluded_lines": 0, "percent_statements_covered": 100.0, "percent_statements_covered_display": "100", "num_branches": 0, "num_partial_branches": 0, "covered_branches": 0, "missing_branches": 0, "percent_branches_covered": 100.0, "percent_branches_covered_display": "100"}, "missing_lines": [], "excluded_lines": [], "start_line": 39, "executed_branches": [], "missing_branches": []}, "RequestValidationMiddleware.dispatch": {"executed_lines": [60, 61, 62, 65, 66, 67, 68, 74, 77, 78, 79, 80, 81, 84, 85, 90, 93, 94, 95, 96, 97, 100, 102, 103, 105, 107], "summary": {"covered_lines": 26, "num_statements": 30, "percent_covered": 85.71428571428571, "percent_covered_display": "86", "missing_lines": 4, "excluded_lines": 0, "percent_statements_covered": 86.66666666666667, "percent_statements_covered_display": "87", "num_branches": 12, "num_partial_branches": 2, "covered_branches": 10, "missing_branches": 2, "percent_branches_covered": 83.33333333333333, "percent_branches_covered_display": "83"}, "missing_lines": [82, 83, 98, 99], "excluded_lines": [], "start_line": 59, "executed_branches": [[67, 68], [67, 77], [77, 78], [77, 105], [79, 80], [84, 85], [84, 93], [95, 96], [95, 102], [97, 100]], "missing_branches": [[79, 93], [97, 98]]}, "": {"executed_lines": [20, 22, 24, 25, 26, 27, 28, 30, 31, 33, 36, 39, 48, 59], "summary": {"covered_lines": 14, "num_statements": 14, "percent_covered": 100.0, "percent_covered_display": "100", "missing_lines": 0, "excluded_lines": 0, "percent_statements_covered": 100.0, "percent_statements_covered_display": "100", "num_branches": 0, "num_partial_branches": 0, "covered_branches": 0, "missing_branches": 0, "percent_branches_covered": 100.0, "percent_branches_covered_display": "100"}, "missing_lines": [], "excluded_lines": [], "start_line": 1, "executed_branches": [], "missing_branches": []}}, "classes": {"RequestValidationMiddleware": {"executed_lines": [60, 61, 62, 65, 66, 67, 68, 74, 77, 78, 79, 80, 81, 84, 85, 90, 93, 94, 95, 96, 97, 100, 102, 103, 105, 107], "summary": {"covered_lines": 26, "num_statements": 30, "percent_covered": 85.71428571428571, "percent_covered_display": "86", "missing_lines": 4, "excluded_lines": 0, "percent_statements_covered": 86.66666666666667, "percent_statements_covered_display": "87", "num_branches": 12, "num_partial_branches": 2, "covered_branches": 10, "missing_branches": 2, "percent_branches_covered": 83.33333333333333, "percent_branches_covered_display": "83"}, "missing_lines": [82, 83, 98, 99], "excluded_lines": [], "start_line": 48, "executed_branches": [[67, 68], [67, 77], [77, 78], [77, 105], [79, 80], [84, 85], [84, 93], [95, 96], [95, 102], [97, 100]], "missing_branches": [[79, 93], [97, 98]]}, "": {"executed_lines": [20, 22, 24, 25, 26, 27, 28, 30, 31, 33, 36, 39, 40, 41, 48, 59], "summary": {"covered_lines": 16, "num_statements": 16, "percent_covered": 100.0, "percent_covered_display": "100", "missing_lines": 0, "excluded_lines": 0, "percent_statements_covered": 100.0, "percent_statements_covered_display": "100", "num_branches": 0, "num_partial_branches": 0, "covered_branches": 0, "missing_branches": 0, "percent_branches_covered": 100.0, "percent_branches_covered_display": "100"}, "missing_lines": [], "excluded_lines": [], "start_line": 1, "executed_branches": [], "missing_branches": []}}}, "src\\gateway\\middleware\\tenant_context.py": {"executed_lines": [26, 28, 29, 31, 32, 33, 34, 35, 37, 38, 40, 42, 45, 47, 49, 52, 53, 54, 61, 63, 64, 65, 66, 67, 70, 72, 73, 74, 76, 79, 90, 91, 92, 94, 96, 97, 98, 99, 101, 102, 103, 104, 105, 107, 108, 111, 112, 113, 114, 116, 119, 129, 130, 133, 134, 135, 136, 138, 139, 140, 141, 144, 145, 146, 147, 148, 149, 150, 154, 155, 156, 158, 165, 166], "summary": {"covered_lines": 74, "num_statements": 79, "percent_covered": 91.58878504672897, "percent_covered_display": "92", "missing_lines": 5, "excluded_lines": 0, "percent_statements_covered": 93.67088607594937, "percent_statements_covered_display": "94", "num_branches": 28, "num_partial_branches": 4, "covered_branches": 24, "missing_branches": 4, "percent_branches_covered": 85.71428571428571, "percent_branches_covered_display": "86"}, "missing_lines": [75, 106, 131, 151, 152], "excluded_lines": [], "executed_branches": [[63, 64], [63, 65], [65, 66], [65, 67], [72, 73], [72, 74], [74, 76], [91, 92], [91, 94], [101, 102], [101, 103], [103, 104], [103, 105], [105, 107], [107, 108], [107, 111], [130, 133], [144, 145], [144, 147], [147, 148], [147, 150], [150, 154], [154, 155], [154, 158]], "missing_branches": [[74, 75], [105, 106], [130, 131], [150, 151]], "functions": {"_error_json": {"executed_lines": [53, 54], "summary": {"covered_lines": 2, "num_statements": 2, "percent_covered": 100.0, "percent_covered_display": "100", "missing_lines": 0, "excluded_lines": 0, "percent_statements_covered": 100.0, "percent_statements_covered_display": "100", "num_branches": 0, "num_partial_branches": 0, "covered_branches": 0, "missing_branches": 0, "percent_branches_covered": 100.0, "percent_branches_covered_display": "100"}, "missing_lines": [], "excluded_lines": [], "start_line": 52, "executed_branches": [], "missing_branches": []}, "_validate_uuid_header": {"executed_lines": [63, 64, 65, 66, 67], "summary": {"covered_lines": 5, "num_statements": 5, "percent_covered": 100.0, "percent_covered_display": "100", "missing_lines": 0, "excluded_lines": 0, "percent_statements_covered": 100.0, "percent_statements_covered_display": "100", "num_branches": 4, "num_partial_branches": 0, "covered_branches": 4, "missing_branches": 0, "percent_branches_covered": 100.0, "percent_branches_covered_display": "100"}, "missing_lines": [], "excluded_lines": [], "start_line": 61, "executed_branches": [[63, 64], [63, 65], [65, 66], [65, 67]], "missing_branches": []}, "_validate_agent_header": {"executed_lines": [72, 73, 74, 76], "summary": {"covered_lines": 4, "num_statements": 5, "percent_covered": 77.77777777777777, "percent_covered_display": "78", "missing_lines": 1, "excluded_lines": 0, "percent_statements_covered": 80.0, "percent_statements_covered_display": "80", "num_branches": 4, "num_partial_branches": 1, "covered_branches": 3, "missing_branches": 1, "percent_branches_covered": 75.0, "percent_branches_covered_display": "75"}, "missing_lines": [75], "excluded_lines": [], "start_line": 70, "executed_branches": [[72, 73], [72, 74], [74, 76]], "missing_branches": [[74, 75]]}, "TenantContextMiddleware.dispatch": {"executed_lines": [91, 92, 94, 96, 97, 98, 99, 101, 102, 103, 104, 105, 107, 108, 111, 112, 113, 114, 116], "summary": {"covered_lines": 19, "num_statements": 20, "percent_covered": 93.33333333333333, "percent_covered_display": "93", "missing_lines": 1, "excluded_lines": 0, "percent_statements_covered": 95.0, "percent_statements_covered_display": "95", "num_branches": 10, "num_partial_branches": 1, "covered_branches": 9, "missing_branches": 1, "percent_branches_covered": 90.0, "percent_branches_covered_display": "90"}, "missing_lines": [106], "excluded_lines": [], "start_line": 90, "executed_branches": [[91, 92], [91, 94], [101, 102], [101, 103], [103, 104], [103, 105], [105, 107], [107, 108], [107, 111]], "missing_branches": [[105, 106]]}, "resolve_tenant_context": {"executed_lines": [129, 130, 133, 134, 135, 136, 138, 139, 140, 141, 144, 145, 146, 147, 148, 149, 150, 154, 155, 156, 158, 165, 166], "summary": {"covered_lines": 23, "num_statements": 26, "percent_covered": 86.11111111111111, "percent_covered_display": "86", "missing_lines": 3, "excluded_lines": 0, "percent_statements_covered": 88.46153846153847, "percent_statements_covered_display": "88", "num_branches": 10, "num_partial_branches": 2, "covered_branches": 8, "missing_branches": 2, "percent_branches_covered": 80.0, "percent_branches_covered_display": "80"}, "missing_lines": [131, 151, 152], "excluded_lines": [], "start_line": 119, "executed_branches": [[130, 133], [144, 145], [144, 147], [147, 148], [147, 150], [150, 154], [154, 155], [154, 158]], "missing_branches": [[130, 131], [150, 151]]}, "": {"executed_lines": [26, 28, 29, 31, 32, 33, 34, 35, 37, 38, 40, 42, 45, 47, 49, 52, 61, 70, 79, 90, 119], "summary": {"covered_lines": 21, "num_statements": 21, "percent_covered": 100.0, "percent_covered_display": "100", "missing_lines": 0, "excluded_lines": 0, "percent_statements_covered": 100.0, "percent_statements_covered_display": "100", "num_branches": 0, "num_partial_branches": 0, "covered_branches": 0, "missing_branches": 0, "percent_branches_covered": 100.0, "percent_branches_covered_display": "100"}, "missing_lines": [], "excluded_lines": [], "start_line": 1, "executed_branches": [], "missing_branches": []}}, "classes": {"TenantContextMiddleware": {"executed_lines": [91, 92, 94, 96, 97, 98, 99, 101, 102, 103, 104, 105, 107, 108, 111, 112, 113, 114, 116], "summary": {"covered_lines": 19, "num_statements": 20, "percent_covered": 93.33333333333333, "percent_covered_display": "93", "missing_lines": 1, "excluded_lines": 0, "percent_statements_covered": 95.0, "percent_statements_covered_display": "95", "num_branches": 10, "num_partial_branches": 1, "covered_branches": 9, "missing_branches": 1, "percent_branches_covered": 90.0, "percent_branches_covered_display": "90"}, "missing_lines": [106], "excluded_lines": [], "start_line": 79, "executed_branches": [[91, 92], [91, 94], [101, 102], [101, 103], [103, 104], [103, 105], [105, 107], [107, 108], [107, 111]], "missing_branches": [[105, 106]]}, "": {"executed_lines": [26, 28, 29, 31, 32, 33, 34, 35, 37, 38, 40, 42, 45, 47, 49, 52, 53, 54, 61, 63, 64, 65, 66, 67, 70, 72, 73, 74, 76, 79, 90, 119, 129, 130, 133, 134, 135, 136, 138, 139, 140, 141, 144, 145, 146, 147, 148, 149, 150, 154, 155, 156, 158, 165, 166], "summary": {"covered_lines": 55, "num_statements": 59, "percent_covered": 90.9090909090909, "percent_covered_display": "91", "missing_lines": 4, "excluded_lines": 0, "percent_statements_covered": 93.22033898305085, "percent_statements_covered_display": "93", "num_branches": 18, "num_partial_branches": 3, "covered_branches": 15, "missing_branches": 3, "percent_branches_covered": 83.33333333333333, "percent_branches_covered_display": "83"}, "missing_lines": [75, 131, 151, 152], "excluded_lines": [], "start_line": 1, "executed_branches": [[63, 64], [63, 65], [65, 66], [65, 67], [72, 73], [72, 74], [74, 76], [130, 133], [144, 145], [144, 147], [147, 148], [147, 150], [150, 154], [154, 155], [154, 158]], "missing_branches": [[74, 75], [130, 131], [150, 151]]}}}, "src\\gateway\\models.py": {"executed_lines": [11, 13, 15, 23, 26, 34, 35, 36, 37, 44, 53, 54, 55, 56, 57, 58, 59, 60, 61, 66, 74, 75, 76, 77, 80, 81, 82, 83, 86, 87, 88, 89, 90, 91, 92, 100, 101, 102, 105, 106, 107, 108, 111, 112, 113, 114, 115, 116, 124, 131, 133, 143, 144, 152, 159, 160, 161, 162, 163, 164, 165, 166, 167, 168, 169, 170, 171], "summary": {"covered_lines": 67, "num_statements": 67, "percent_covered": 100.0, "percent_covered_display": "100", "missing_lines": 0, "excluded_lines": 0, "percent_statements_covered": 100.0, "percent_statements_covered_display": "100", "num_branches": 0, "num_partial_branches": 0, "covered_branches": 0, "missing_branches": 0, "percent_branches_covered": 100.0, "percent_branches_covered_display": "100"}, "missing_lines": [], "excluded_lines": [], "executed_branches": [], "missing_branches": [], "functions": {"": {"executed_lines": [11, 13, 15, 23, 26, 34, 35, 36, 37, 44, 53, 54, 55, 56, 57, 58, 59, 60, 61, 66, 74, 75, 76, 77, 80, 81, 82, 83, 86, 87, 88, 89, 90, 91, 92, 100, 101, 102, 105, 106, 107, 108, 111, 112, 113, 114, 115, 116, 124, 131, 133, 143, 144, 152, 159, 160, 161, 162, 163, 164, 165, 166, 167, 168, 169, 170, 171], "summary": {"covered_lines": 67, "num_statements": 67, "percent_covered": 100.0, "percent_covered_display": "100", "missing_lines": 0, "excluded_lines": 0, "percent_statements_covered": 100.0, "percent_statements_covered_display": "100", "num_branches": 0, "num_partial_branches": 0, "covered_branches": 0, "missing_branches": 0, "percent_branches_covered": 100.0, "percent_branches_covered_display": "100"}, "missing_lines": [], "excluded_lines": [], "start_line": 1, "executed_branches": [], "missing_branches": []}}, "classes": {"_ClosedModel": {"executed_lines": [], "summary": {"covered_lines": 0, "num_statements": 0, "percent_covered": 100.0, "percent_covered_display": "100", "missing_lines": 0, "excluded_lines": 0, "percent_statements_covered": 100.0, "percent_statements_covered_display": "100", "num_branches": 0, "num_partial_branches": 0, "covered_branches": 0, "missing_branches": 0, "percent_branches_covered": 100.0, "percent_branches_covered_display": "100"}, "missing_lines": [], "excluded_lines": [], "start_line": 23, "executed_branches": [], "missing_branches": []}, "ChatMessage": {"executed_lines": [], "summary": {"covered_lines": 0, "num_statements": 0, "percent_covered": 100.0, "percent_covered_display": "100", "missing_lines": 0, "excluded_lines": 0, "percent_statements_covered": 100.0, "percent_statements_covered_display": "100", "num_branches": 0, "num_partial_branches": 0, "covered_branches": 0, "missing_branches": 0, "percent_branches_covered": 100.0, "percent_branches_covered_display": "100"}, "missing_lines": [], "excluded_lines": [], "start_line": 34, "executed_branches": [], "missing_branches": []}, "CreateChatCompletionRequest": {"executed_lines": [], "summary": {"covered_lines": 0, "num_statements": 0, "percent_covered": 100.0, "percent_covered_display": "100", "missing_lines": 0, "excluded_lines": 0, "percent_statements_covered": 100.0, "percent_statements_covered_display": "100", "num_branches": 0, "num_partial_branches": 0, "covered_branches": 0, "missing_branches": 0, "percent_branches_covered": 100.0, "percent_branches_covered_display": "100"}, "missing_lines": [], "excluded_lines": [], "start_line": 53, "executed_branches": [], "missing_branches": []}, "ChatCompletionChoice": {"executed_lines": [], "summary": {"covered_lines": 0, "num_statements": 0, "percent_covered": 100.0, "percent_covered_display": "100", "missing_lines": 0, "excluded_lines": 0, "percent_statements_covered": 100.0, "percent_statements_covered_display": "100", "num_branches": 0, "num_partial_branches": 0, "covered_branches": 0, "missing_branches": 0, "percent_branches_covered": 100.0, "percent_branches_covered_display": "100"}, "missing_lines": [], "excluded_lines": [], "start_line": 74, "executed_branches": [], "missing_branches": []}, "UsageBlock": {"executed_lines": [], "summary": {"covered_lines": 0, "num_statements": 0, "percent_covered": 100.0, "percent_covered_display": "100", "missing_lines": 0, "excluded_lines": 0, "percent_statements_covered": 100.0, "percent_statements_covered_display": "100", "num_branches": 0, "num_partial_branches": 0, "covered_branches": 0, "missing_branches": 0, "percent_branches_covered": 100.0, "percent_branches_covered_display": "100"}, "missing_lines": [], "excluded_lines": [], "start_line": 80, "executed_branches": [], "missing_branches": []}, "ChatCompletionResponse": {"executed_lines": [], "summary": {"covered_lines": 0, "num_statements": 0, "percent_covered": 100.0, "percent_covered_display": "100", "missing_lines": 0, "excluded_lines": 0, "percent_statements_covered": 100.0, "percent_statements_covered_display": "100", "num_branches": 0, "num_partial_branches": 0, "covered_branches": 0, "missing_branches": 0, "percent_branches_covered": 100.0, "percent_branches_covered_display": "100"}, "missing_lines": [], "excluded_lines": [], "start_line": 86, "executed_branches": [], "missing_branches": []}, "ChunkDelta": {"executed_lines": [], "summary": {"covered_lines": 0, "num_statements": 0, "percent_covered": 100.0, "percent_covered_display": "100", "missing_lines": 0, "excluded_lines": 0, "percent_statements_covered": 100.0, "percent_statements_covered_display": "100", "num_branches": 0, "num_partial_branches": 0, "covered_branches": 0, "missing_branches": 0, "percent_branches_covered": 100.0, "percent_branches_covered_display": "100"}, "missing_lines": [], "excluded_lines": [], "start_line": 100, "executed_branches": [], "missing_branches": []}, "ChatCompletionChunkChoice": {"executed_lines": [], "summary": {"covered_lines": 0, "num_statements": 0, "percent_covered": 100.0, "percent_covered_display": "100", "missing_lines": 0, "excluded_lines": 0, "percent_statements_covered": 100.0, "percent_statements_covered_display": "100", "num_branches": 0, "num_partial_branches": 0, "covered_branches": 0, "missing_branches": 0, "percent_branches_covered": 100.0, "percent_branches_covered_display": "100"}, "missing_lines": [], "excluded_lines": [], "start_line": 105, "executed_branches": [], "missing_branches": []}, "ChatCompletionChunk": {"executed_lines": [], "summary": {"covered_lines": 0, "num_statements": 0, "percent_covered": 100.0, "percent_covered_display": "100", "missing_lines": 0, "excluded_lines": 0, "percent_statements_covered": 100.0, "percent_statements_covered_display": "100", "num_branches": 0, "num_partial_branches": 0, "covered_branches": 0, "missing_branches": 0, "percent_branches_covered": 100.0, "percent_branches_covered_display": "100"}, "missing_lines": [], "excluded_lines": [], "start_line": 111, "executed_branches": [], "missing_branches": []}, "ErrorResponse": {"executed_lines": [], "summary": {"covered_lines": 0, "num_statements": 0, "percent_covered": 100.0, "percent_covered_display": "100", "missing_lines": 0, "excluded_lines": 0, "percent_statements_covered": 100.0, "percent_statements_covered_display": "100", "num_branches": 0, "num_partial_branches": 0, "covered_branches": 0, "missing_branches": 0, "percent_branches_covered": 100.0, "percent_branches_covered_display": "100"}, "missing_lines": [], "excluded_lines": [], "start_line": 124, "executed_branches": [], "missing_branches": []}, "UsageEventPayload": {"executed_lines": [], "summary": {"covered_lines": 0, "num_statements": 0, "percent_covered": 100.0, "percent_covered_display": "100", "missing_lines": 0, "excluded_lines": 0, "percent_statements_covered": 100.0, "percent_statements_covered_display": "100", "num_branches": 0, "num_partial_branches": 0, "covered_branches": 0, "missing_branches": 0, "percent_branches_covered": 100.0, "percent_branches_covered_display": "100"}, "missing_lines": [], "excluded_lines": [], "start_line": 152, "executed_branches": [], "missing_branches": []}, "": {"executed_lines": [11, 13, 15, 23, 26, 34, 35, 36, 37, 44, 53, 54, 55, 56, 57, 58, 59, 60, 61, 66, 74, 75, 76, 77, 80, 81, 82, 83, 86, 87, 88, 89, 90, 91, 92, 100, 101, 102, 105, 106, 107, 108, 111, 112, 113, 114, 115, 116, 124, 131, 133, 143, 144, 152, 159, 160, 161, 162, 163, 164, 165, 166, 167, 168, 169, 170, 171], "summary": {"covered_lines": 67, "num_statements": 67, "percent_covered": 100.0, "percent_covered_display": "100", "missing_lines": 0, "excluded_lines": 0, "percent_statements_covered": 100.0, "percent_statements_covered_display": "100", "num_branches": 0, "num_partial_branches": 0, "covered_branches": 0, "missing_branches": 0, "percent_branches_covered": 100.0, "percent_branches_covered_display": "100"}, "missing_lines": [], "excluded_lines": [], "start_line": 1, "executed_branches": [], "missing_branches": []}}}, "src\\gateway\\routes\\__init__.py": {"executed_lines": [], "summary": {"covered_lines": 0, "num_statements": 0, "percent_covered": 100.0, "percent_covered_display": "100", "missing_lines": 0, "excluded_lines": 0, "percent_statements_covered": 100.0, "percent_statements_covered_display": "100", "num_branches": 0, "num_partial_branches": 0, "covered_branches": 0, "missing_branches": 0, "percent_branches_covered": 100.0, "percent_branches_covered_display": "100"}, "missing_lines": [], "excluded_lines": [], "executed_branches": [], "missing_branches": [], "functions": {"": {"executed_lines": [], "summary": {"covered_lines": 0, "num_statements": 0, "percent_covered": 100.0, "percent_covered_display": "100", "missing_lines": 0, "excluded_lines": 0, "percent_statements_covered": 100.0, "percent_statements_covered_display": "100", "num_branches": 0, "num_partial_branches": 0, "covered_branches": 0, "missing_branches": 0, "percent_branches_covered": 100.0, "percent_branches_covered_display": "100"}, "missing_lines": [], "excluded_lines": [], "start_line": 1, "executed_branches": [], "missing_branches": []}}, "classes": {"": {"executed_lines": [], "summary": {"covered_lines": 0, "num_statements": 0, "percent_covered": 100.0, "percent_covered_display": "100", "missing_lines": 0, "excluded_lines": 0, "percent_statements_covered": 100.0, "percent_statements_covered_display": "100", "num_branches": 0, "num_partial_branches": 0, "covered_branches": 0, "missing_branches": 0, "percent_branches_covered": 100.0, "percent_branches_covered_display": "100"}, "missing_lines": [], "excluded_lines": [], "start_line": 1, "executed_branches": [], "missing_branches": []}}}, "src\\gateway\\routes\\chat_completions.py": {"executed_lines": [20, 22, 23, 24, 26, 27, 28, 29, 31, 32, 33, 34, 35, 36, 37, 42, 47, 49, 51, 54, 65, 66, 71, 72, 73, 74, 81, 87, 95, 96, 107, 108, 109, 112, 113, 114, 115, 116, 117, 118, 120, 122, 125, 126, 133, 134, 137, 138, 142, 143, 144, 145, 147, 150, 154, 156, 171, 179, 188, 189, 195, 197, 198, 213, 214, 215, 216, 217, 220, 302, 304, 307, 313, 314, 315, 316, 317], "summary": {"covered_lines": 77, "num_statements": 114, "percent_covered": 62.878787878787875, "percent_covered_display": "63", "missing_lines": 37, "excluded_lines": 0, "percent_statements_covered": 67.54385964912281, "percent_statements_covered_display": "68", "num_branches": 18, "num_partial_branches": 4, "covered_branches": 6, "missing_branches": 12, "percent_branches_covered": 33.333333333333336, "percent_branches_covered_display": "33"}, "missing_lines": [135, 139, 140, 151, 158, 206, 209, 210, 211, 239, 241, 243, 244, 245, 255, 256, 257, 258, 259, 260, 261, 262, 264, 265, 266, 267, 271, 273, 276, 277, 285, 291, 293, 294, 318, 319, 320], "excluded_lines": [], "executed_branches": [[72, 73], [72, 74], [134, 137], [150, 154], [156, 171], [315, 316]], "missing_branches": [[134, 135], [150, 151], [156, 158], [245, 255], [245, 271], [255, 256], [255, 267], [257, 258], [257, 267], [261, 262], [261, 267], [315, 320]], "functions": {"_error_response": {"executed_lines": [65, 66, 71, 72, 73, 74], "summary": {"covered_lines": 6, "num_statements": 6, "percent_covered": 100.0, "percent_covered_display": "100", "missing_lines": 0, "excluded_lines": 0, "percent_statements_covered": 100.0, "percent_statements_covered_display": "100", "num_branches": 2, "num_partial_branches": 0, "covered_branches": 2, "missing_branches": 0, "percent_branches_covered": 100.0, "percent_branches_covered_display": "100"}, "missing_lines": [], "excluded_lines": [], "start_line": 54, "executed_branches": [[72, 73], [72, 74]], "missing_branches": []}, "_success_headers": {"executed_lines": [87], "summary": {"covered_lines": 1, "num_statements": 1, "percent_covered": 100.0, "percent_covered_display": "100", "missing_lines": 0, "excluded_lines": 0, "percent_statements_covered": 100.0, "percent_statements_covered_display": "100", "num_branches": 0, "num_partial_branches": 0, "covered_branches": 0, "missing_branches": 0, "percent_branches_covered": 100.0, "percent_branches_covered_display": "100"}, "missing_lines": [], "excluded_lines": [], "start_line": 81, "executed_branches": [], "missing_branches": []}, "create_chat_completion": {"executed_lines": [107, 108, 109, 112, 113, 114, 115, 116, 117, 118, 120, 122, 125, 126, 133, 134, 137, 138, 142, 143, 144, 145, 147, 150, 154, 156, 171, 179, 188, 189, 195, 197, 198, 213, 214, 215, 216, 217], "summary": {"covered_lines": 38, "num_statements": 47, "percent_covered": 77.35849056603773, "percent_covered_display": "77", "missing_lines": 9, "excluded_lines": 0, "percent_statements_covered": 80.85106382978724, "percent_statements_covered_display": "81", "num_branches": 6, "num_partial_branches": 3, "covered_branches": 3, "missing_branches": 3, "percent_branches_covered": 50.0, "percent_branches_covered_display": "50"}, "missing_lines": [135, 139, 140, 151, 158, 206, 209, 210, 211], "excluded_lines": [], "start_line": 96, "executed_branches": [[134, 137], [150, 154], [156, 171]], "missing_branches": [[134, 135], [150, 151], [156, 158]]}, "_handle_stream": {"executed_lines": [], "summary": {"covered_lines": 0, "num_statements": 4, "percent_covered": 0.0, "percent_covered_display": "0", "missing_lines": 4, "excluded_lines": 0, "percent_statements_covered": 0.0, "percent_statements_covered_display": "0", "num_branches": 0, "num_partial_branches": 0, "covered_branches": 0, "missing_branches": 0, "percent_branches_covered": 100.0, "percent_branches_covered_display": "100"}, "missing_lines": [239, 241, 293, 294], "excluded_lines": [], "start_line": 220, "executed_branches": [], "missing_branches": []}, "_handle_stream._generate": {"executed_lines": [], "summary": {"covered_lines": 0, "num_statements": 21, "percent_covered": 0.0, "percent_covered_display": "0", "missing_lines": 21, "excluded_lines": 0, "percent_statements_covered": 0.0, "percent_statements_covered_display": "0", "num_branches": 8, "num_partial_branches": 0, "covered_branches": 0, "missing_branches": 8, "percent_branches_covered": 0.0, "percent_branches_covered_display": "0"}, "missing_lines": [243, 244, 245, 255, 256, 257, 258, 259, 260, 261, 262, 264, 265, 266, 267, 271, 273, 276, 277, 285, 291], "excluded_lines": [], "start_line": 241, "executed_branches": [], "missing_branches": [[245, 255], [245, 271], [255, 256], [255, 267], [257, 258], [257, 267], [261, 262], [261, 267]]}, "_make_request_id": {"executed_lines": [304], "summary": {"covered_lines": 1, "num_statements": 1, "percent_covered": 100.0, "percent_covered_display": "100", "missing_lines": 0, "excluded_lines": 0, "percent_statements_covered": 100.0, "percent_statements_covered_display": "100", "num_branches": 0, "num_partial_branches": 0, "covered_branches": 0, "missing_branches": 0, "percent_branches_covered": 100.0, "percent_branches_covered_display": "100"}, "missing_lines": [], "excluded_lines": [], "start_line": 302, "executed_branches": [], "missing_branches": []}, "_peek_stream_flag": {"executed_lines": [313, 314, 315, 316, 317], "summary": {"covered_lines": 5, "num_statements": 8, "percent_covered": 60.0, "percent_covered_display": "60", "missing_lines": 3, "excluded_lines": 0, "percent_statements_covered": 62.5, "percent_statements_covered_display": "62", "num_branches": 2, "num_partial_branches": 1, "covered_branches": 1, "missing_branches": 1, "percent_branches_covered": 50.0, "percent_branches_covered_display": "50"}, "missing_lines": [318, 319, 320], "excluded_lines": [], "start_line": 307, "executed_branches": [[315, 316]], "missing_branches": [[315, 320]]}, "": {"executed_lines": [20, 22, 23, 24, 26, 27, 28, 29, 31, 32, 33, 34, 35, 36, 37, 42, 47, 49, 51, 54, 81, 95, 96, 220, 302, 307], "summary": {"covered_lines": 26, "num_statements": 26, "percent_covered": 100.0, "percent_covered_display": "100", "missing_lines": 0, "excluded_lines": 0, "percent_statements_covered": 100.0, "percent_statements_covered_display": "100", "num_branches": 0, "num_partial_branches": 0, "covered_branches": 0, "missing_branches": 0, "percent_branches_covered": 100.0, "percent_branches_covered_display": "100"}, "missing_lines": [], "excluded_lines": [], "start_line": 1, "executed_branches": [], "missing_branches": []}}, "classes": {"": {"executed_lines": [20, 22, 23, 24, 26, 27, 28, 29, 31, 32, 33, 34, 35, 36, 37, 42, 47, 49, 51, 54, 65, 66, 71, 72, 73, 74, 81, 87, 95, 96, 107, 108, 109, 112, 113, 114, 115, 116, 117, 118, 120, 122, 125, 126, 133, 134, 137, 138, 142, 143, 144, 145, 147, 150, 154, 156, 171, 179, 188, 189, 195, 197, 198, 213, 214, 215, 216, 217, 220, 302, 304, 307, 313, 314, 315, 316, 317], "summary": {"covered_lines": 77, "num_statements": 114, "percent_covered": 62.878787878787875, "percent_covered_display": "63", "missing_lines": 37, "excluded_lines": 0, "percent_statements_covered": 67.54385964912281, "percent_statements_covered_display": "68", "num_branches": 18, "num_partial_branches": 4, "covered_branches": 6, "missing_branches": 12, "percent_branches_covered": 33.333333333333336, "percent_branches_covered_display": "33"}, "missing_lines": [135, 139, 140, 151, 158, 206, 209, 210, 211, 239, 241, 243, 244, 245, 255, 256, 257, 258, 259, 260, 261, 262, 264, 265, 266, 267, 271, 273, 276, 277, 285, 291, 293, 294, 318, 319, 320], "excluded_lines": [], "start_line": 1, "executed_branches": [[72, 73], [72, 74], [134, 137], [150, 154], [156, 171], [315, 316]], "missing_branches": [[134, 135], [150, 151], [156, 158], [245, 255], [245, 271], [255, 256], [255, 267], [257, 258], [257, 267], [261, 262], [261, 267], [315, 320]]}}}, "src\\gateway\\routes\\health.py": {"executed_lines": [16, 18, 19, 20, 21, 23, 25, 27, 30, 31, 33, 36, 37, 44, 45, 46, 47, 48], "summary": {"covered_lines": 18, "num_statements": 21, "percent_covered": 85.71428571428571, "percent_covered_display": "86", "missing_lines": 3, "excluded_lines": 0, "percent_statements_covered": 85.71428571428571, "percent_statements_covered_display": "86", "num_branches": 0, "num_partial_branches": 0, "covered_branches": 0, "missing_branches": 0, "percent_branches_covered": 100.0, "percent_branches_covered_display": "100"}, "missing_lines": [49, 50, 51], "excluded_lines": [], "executed_branches": [], "missing_branches": [], "functions": {"liveness": {"executed_lines": [33], "summary": {"covered_lines": 1, "num_statements": 1, "percent_covered": 100.0, "percent_covered_display": "100", "missing_lines": 0, "excluded_lines": 0, "percent_statements_covered": 100.0, "percent_statements_covered_display": "100", "num_branches": 0, "num_partial_branches": 0, "covered_branches": 0, "missing_branches": 0, "percent_branches_covered": 100.0, "percent_branches_covered_display": "100"}, "missing_lines": [], "excluded_lines": [], "start_line": 31, "executed_branches": [], "missing_branches": []}, "readiness": {"executed_lines": [44, 45, 46, 47, 48], "summary": {"covered_lines": 5, "num_statements": 8, "percent_covered": 62.5, "percent_covered_display": "62", "missing_lines": 3, "excluded_lines": 0, "percent_statements_covered": 62.5, "percent_statements_covered_display": "62", "num_branches": 0, "num_partial_branches": 0, "covered_branches": 0, "missing_branches": 0, "percent_branches_covered": 100.0, "percent_branches_covered_display": "100"}, "missing_lines": [49, 50, 51], "excluded_lines": [], "start_line": 37, "executed_branches": [], "missing_branches": []}, "": {"executed_lines": [16, 18, 19, 20, 21, 23, 25, 27, 30, 31, 36, 37], "summary": {"covered_lines": 12, "num_statements": 12, "percent_covered": 100.0, "percent_covered_display": "100", "missing_lines": 0, "excluded_lines": 0, "percent_statements_covered": 100.0, "percent_statements_covered_display": "100", "num_branches": 0, "num_partial_branches": 0, "covered_branches": 0, "missing_branches": 0, "percent_branches_covered": 100.0, "percent_branches_covered_display": "100"}, "missing_lines": [], "excluded_lines": [], "start_line": 1, "executed_branches": [], "missing_branches": []}}, "classes": {"": {"executed_lines": [16, 18, 19, 20, 21, 23, 25, 27, 30, 31, 33, 36, 37, 44, 45, 46, 47, 48], "summary": {"covered_lines": 18, "num_statements": 21, "percent_covered": 85.71428571428571, "percent_covered_display": "86", "missing_lines": 3, "excluded_lines": 0, "percent_statements_covered": 85.71428571428571, "percent_statements_covered_display": "86", "num_branches": 0, "num_partial_branches": 0, "covered_branches": 0, "missing_branches": 0, "percent_branches_covered": 100.0, "percent_branches_covered_display": "100"}, "missing_lines": [49, 50, 51], "excluded_lines": [], "start_line": 1, "executed_branches": [], "missing_branches": []}}}, "src\\gateway\\upstream\\__init__.py": {"executed_lines": [], "summary": {"covered_lines": 0, "num_statements": 0, "percent_covered": 100.0, "percent_covered_display": "100", "missing_lines": 0, "excluded_lines": 0, "percent_statements_covered": 100.0, "percent_statements_covered_display": "100", "num_branches": 0, "num_partial_branches": 0, "covered_branches": 0, "missing_branches": 0, "percent_branches_covered": 100.0, "percent_branches_covered_display": "100"}, "missing_lines": [], "excluded_lines": [], "executed_branches": [], "missing_branches": [], "functions": {"": {"executed_lines": [], "summary": {"covered_lines": 0, "num_statements": 0, "percent_covered": 100.0, "percent_covered_display": "100", "missing_lines": 0, "excluded_lines": 0, "percent_statements_covered": 100.0, "percent_statements_covered_display": "100", "num_branches": 0, "num_partial_branches": 0, "covered_branches": 0, "missing_branches": 0, "percent_branches_covered": 100.0, "percent_branches_covered_display": "100"}, "missing_lines": [], "excluded_lines": [], "start_line": 1, "executed_branches": [], "missing_branches": []}}, "classes": {"": {"executed_lines": [], "summary": {"covered_lines": 0, "num_statements": 0, "percent_covered": 100.0, "percent_covered_display": "100", "missing_lines": 0, "excluded_lines": 0, "percent_statements_covered": 100.0, "percent_statements_covered_display": "100", "num_branches": 0, "num_partial_branches": 0, "covered_branches": 0, "missing_branches": 0, "percent_branches_covered": 100.0, "percent_branches_covered_display": "100"}, "missing_lines": [], "excluded_lines": [], "start_line": 1, "executed_branches": [], "missing_branches": []}}}, "src\\gateway\\upstream\\openai_proxy.py": {"executed_lines": [26, 28, 29, 30, 32, 33, 35, 36, 38, 41, 44, 46, 50, 53, 78, 87, 98, 108, 109, 110, 112, 113, 114, 116, 119, 122, 123, 124, 126, 129, 140, 141, 142, 144, 145, 151, 152, 153, 154, 155, 156, 161, 162, 168, 170, 173, 178, 180, 181, 182, 183, 184, 185, 187, 188, 189, 190, 191, 193, 196, 229, 237, 239, 240, 241, 242, 244, 246, 247, 249, 250, 251, 253, 254, 260, 261, 266, 267, 269, 270, 275, 276, 277, 278, 279, 281, 283, 284, 286, 287, 288], "summary": {"covered_lines": 91, "num_statements": 117, "percent_covered": 74.83443708609272, "percent_covered_display": "75", "missing_lines": 26, "excluded_lines": 0, "percent_statements_covered": 77.77777777777777, "percent_statements_covered_display": "78", "num_branches": 34, "num_partial_branches": 8, "covered_branches": 22, "missing_branches": 12, "percent_branches_covered": 64.70588235294117, "percent_branches_covered_display": "65"}, "missing_lines": [47, 60, 61, 64, 70, 75, 81, 82, 83, 84, 111, 115, 117, 125, 157, 158, 159, 220, 271, 272, 289, 290, 291, 292, 293, 294], "excluded_lines": [], "executed_branches": [[46, 50], [108, 109], [108, 110], [110, 112], [112, 113], [112, 114], [114, 116], [116, 119], [124, 126], [161, 162], [161, 170], [170, 173], [170, 180], [189, 190], [260, 261], [260, 269], [269, 270], [270, 275], [276, 277], [276, 281], [283, 269], [283, 284]], "missing_branches": [[46, 47], [60, 61], [60, 64], [81, -78], [81, 82], [110, 111], [114, 115], [116, 117], [124, 125], [189, 193], [269, -229], [270, 271]], "functions": {"get_http_client": {"executed_lines": [46, 50], "summary": {"covered_lines": 2, "num_statements": 3, "percent_covered": 60.0, "percent_covered_display": "60", "missing_lines": 1, "excluded_lines": 0, "percent_statements_covered": 66.66666666666667, "percent_statements_covered_display": "67", "num_branches": 2, "num_partial_branches": 1, "covered_branches": 1, "missing_branches": 1, "percent_branches_covered": 50.0, "percent_branches_covered_display": "50"}, "missing_lines": [47], "excluded_lines": [], "start_line": 44, "executed_branches": [[46, 50]], "missing_branches": [[46, 47]]}, "init_http_client": {"executed_lines": [], "summary": {"covered_lines": 0, "num_statements": 5, "percent_covered": 0.0, "percent_covered_display": "0", "missing_lines": 5, "excluded_lines": 0, "percent_statements_covered": 0.0, "percent_statements_covered_display": "0", "num_branches": 2, "num_partial_branches": 0, "covered_branches": 0, "missing_branches": 2, "percent_branches_covered": 0.0, "percent_branches_covered_display": "0"}, "missing_lines": [60, 61, 64, 70, 75], "excluded_lines": [], "start_line": 53, "executed_branches": [], "missing_branches": [[60, 61], [60, 64]]}, "close_http_client": {"executed_lines": [], "summary": {"covered_lines": 0, "num_statements": 4, "percent_covered": 0.0, "percent_covered_display": "0", "missing_lines": 4, "excluded_lines": 0, "percent_statements_covered": 0.0, "percent_statements_covered_display": "0", "num_branches": 2, "num_partial_branches": 0, "covered_branches": 0, "missing_branches": 2, "percent_branches_covered": 0.0, "percent_branches_covered_display": "0"}, "missing_lines": [81, 82, 83, 84], "excluded_lines": [], "start_line": 78, "executed_branches": [], "missing_branches": [[81, -78], [81, 82]]}, "_build_upstream_request": {"executed_lines": [98, 108, 109, 110, 112, 113, 114, 116, 119], "summary": {"covered_lines": 9, "num_statements": 12, "percent_covered": 72.72727272727273, "percent_covered_display": "73", "missing_lines": 3, "excluded_lines": 0, "percent_statements_covered": 75.0, "percent_statements_covered_display": "75", "num_branches": 10, "num_partial_branches": 3, "covered_branches": 7, "missing_branches": 3, "percent_branches_covered": 70.0, "percent_branches_covered_display": "70"}, "missing_lines": [111, 115, 117], "excluded_lines": [], "start_line": 87, "executed_branches": [[108, 109], [108, 110], [110, 112], [112, 113], [112, 114], [114, 116], [116, 119]], "missing_branches": [[110, 111], [114, 115], [116, 117]]}, "_build_headers": {"executed_lines": [123, 124, 126], "summary": {"covered_lines": 3, "num_statements": 4, "percent_covered": 66.66666666666667, "percent_covered_display": "67", "missing_lines": 1, "excluded_lines": 0, "percent_statements_covered": 75.0, "percent_statements_covered_display": "75", "num_branches": 2, "num_partial_branches": 1, "covered_branches": 1, "missing_branches": 1, "percent_branches_covered": 50.0, "percent_branches_covered_display": "50"}, "missing_lines": [125], "excluded_lines": [], "start_line": 122, "executed_branches": [[124, 126]], "missing_branches": [[124, 125]]}, "proxy_non_stream": {"executed_lines": [140, 141, 142, 144, 145, 151, 152, 153, 154, 155, 156, 161, 162, 168, 170, 173, 178, 180, 181, 182, 183, 184, 185, 187, 188, 189, 190, 191, 193], "summary": {"covered_lines": 29, "num_statements": 32, "percent_covered": 89.47368421052632, "percent_covered_display": "89", "missing_lines": 3, "excluded_lines": 0, "percent_statements_covered": 90.625, "percent_statements_covered_display": "91", "num_branches": 6, "num_partial_branches": 1, "covered_branches": 5, "missing_branches": 1, "percent_branches_covered": 83.33333333333333, "percent_branches_covered_display": "83"}, "missing_lines": [157, 158, 159], "excluded_lines": [], "start_line": 129, "executed_branches": [[161, 162], [161, 170], [170, 173], [170, 180], [189, 190]], "missing_branches": [[189, 193]]}, "proxy_stream": {"executed_lines": [], "summary": {"covered_lines": 0, "num_statements": 1, "percent_covered": 0.0, "percent_covered_display": "0", "missing_lines": 1, "excluded_lines": 0, "percent_statements_covered": 0.0, "percent_statements_covered_display": "0", "num_branches": 0, "num_partial_branches": 0, "covered_branches": 0, "missing_branches": 0, "percent_branches_covered": 100.0, "percent_branches_covered_display": "100"}, "missing_lines": [220], "excluded_lines": [], "start_line": 196, "executed_branches": [], "missing_branches": []}, "_proxy_stream_generator": {"executed_lines": [237, 239, 240, 241, 242, 244, 246, 253, 254, 260, 261, 266, 267, 269, 270, 275, 276, 277, 278, 279, 281, 283, 284, 286, 287, 288], "summary": {"covered_lines": 26, "num_statements": 34, "percent_covered": 77.27272727272727, "percent_covered_display": "77", "missing_lines": 8, "excluded_lines": 0, "percent_statements_covered": 76.47058823529412, "percent_statements_covered_display": "76", "num_branches": 10, "num_partial_branches": 2, "covered_branches": 8, "missing_branches": 2, "percent_branches_covered": 80.0, "percent_branches_covered_display": "80"}, "missing_lines": [271, 272, 289, 290, 291, 292, 293, 294], "excluded_lines": [], "start_line": 229, "executed_branches": [[260, 261], [260, 269], [269, 270], [270, 275], [276, 277], [276, 281], [283, 269], [283, 284]], "missing_branches": [[269, -229], [270, 271]]}, "_proxy_stream_generator._make_error_frame": {"executed_lines": [247, 249, 250, 251], "summary": {"covered_lines": 4, "num_statements": 4, "percent_covered": 100.0, "percent_covered_display": "100", "missing_lines": 0, "excluded_lines": 0, "percent_statements_covered": 100.0, "percent_statements_covered_display": "100", "num_branches": 0, "num_partial_branches": 0, "covered_branches": 0, "missing_branches": 0, "percent_branches_covered": 100.0, "percent_branches_covered_display": "100"}, "missing_lines": [], "excluded_lines": [], "start_line": 246, "executed_branches": [], "missing_branches": []}, "": {"executed_lines": [26, 28, 29, 30, 32, 33, 35, 36, 38, 41, 44, 53, 78, 87, 122, 129, 196, 229], "summary": {"covered_lines": 18, "num_statements": 18, "percent_covered": 100.0, "percent_covered_display": "100", "missing_lines": 0, "excluded_lines": 0, "percent_statements_covered": 100.0, "percent_statements_covered_display": "100", "num_branches": 0, "num_partial_branches": 0, "covered_branches": 0, "missing_branches": 0, "percent_branches_covered": 100.0, "percent_branches_covered_display": "100"}, "missing_lines": [], "excluded_lines": [], "start_line": 1, "executed_branches": [], "missing_branches": []}}, "classes": {"": {"executed_lines": [26, 28, 29, 30, 32, 33, 35, 36, 38, 41, 44, 46, 50, 53, 78, 87, 98, 108, 109, 110, 112, 113, 114, 116, 119, 122, 123, 124, 126, 129, 140, 141, 142, 144, 145, 151, 152, 153, 154, 155, 156, 161, 162, 168, 170, 173, 178, 180, 181, 182, 183, 184, 185, 187, 188, 189, 190, 191, 193, 196, 229, 237, 239, 240, 241, 242, 244, 246, 247, 249, 250, 251, 253, 254, 260, 261, 266, 267, 269, 270, 275, 276, 277, 278, 279, 281, 283, 284, 286, 287, 288], "summary": {"covered_lines": 91, "num_statements": 117, "percent_covered": 74.83443708609272, "percent_covered_display": "75", "missing_lines": 26, "excluded_lines": 0, "percent_statements_covered": 77.77777777777777, "percent_statements_covered_display": "78", "num_branches": 34, "num_partial_branches": 8, "covered_branches": 22, "missing_branches": 12, "percent_branches_covered": 64.70588235294117, "percent_branches_covered_display": "65"}, "missing_lines": [47, 60, 61, 64, 70, 75, 81, 82, 83, 84, 111, 115, 117, 125, 157, 158, 159, 220, 271, 272, 289, 290, 291, 292, 293, 294], "excluded_lines": [], "start_line": 1, "executed_branches": [[46, 50], [108, 109], [108, 110], [110, 112], [112, 113], [112, 114], [114, 116], [116, 119], [124, 126], [161, 162], [161, 170], [170, 173], [170, 180], [189, 190], [260, 261], [260, 269], [269, 270], [270, 275], [276, 277], [276, 281], [283, 269], [283, 284]], "missing_branches": [[46, 47], [60, 61], [60, 64], [81, -78], [81, 82], [110, 111], [114, 115], [116, 117], [124, 125], [189, 193], [269, -229], [270, 271]]}}}}, "totals": {"covered_lines": 628, "num_statements": 743, "percent_covered": 82.00692041522491, "percent_covered_display": "82", "missing_lines": 115, "excluded_lines": 0, "percent_statements_covered": 84.52220726783311, "percent_statements_covered_display": "85", "num_branches": 124, "num_partial_branches": 25, "covered_branches": 83, "missing_branches": 41, "percent_branches_covered": 66.93548387096774, "percent_branches_covered_display": "67"}}